Commit message: token
Committer: mroluwasesan
Timestamp: 2024-07-18T18:27:48+01:00
Commit URL: https://github.com/mroluwasesan/dotnet-deployment-via-github-action/commit/d21b59f9d11916f1c572d58203988f48ad9337c8

Commit message: test
Committer: mroluwasesan
Timestamp: 2024-07-18T18:38:16+01:00
Commit URL: https://github.com/mroluwasesan/dotnet-deployment-via-github-action/commit/7b975fbc6a1c2ffaa0eed74e2cd691a0814ec8d7

Commit message: now
Committer: mroluwasesan
Timestamp: 2024-07-18T18:44:02+01:00
Commit URL: https://github.com/mroluwasesan/dotnet-deployment-via-github-action/commit/12711c0fb8e68037eeb2c107c0866c5bd294dd42

Commit message: README
Committer: mroluwasesan
Timestamp: 2024-07-18T18:49:24+01:00
Commit URL: https://github.com/mroluwasesan/dotnet-deployment-via-github-action/commit/75a7ceddd8f3fdc0fa4878af6ce58419e9a436aa

Commit message: test
Committer: mroluwasesan
Timestamp: 2024-07-18T18:50:58+01:00
Commit URL: https://github.com/mroluwasesan/dotnet-deployment-via-github-action/commit/41e5bcf9823b6004747e499aba3a606f4c6b1e05

Commit message: modify logs
Committer: mroluwasesan
Timestamp: 2024-07-18T18:57:10+01:00
Commit URL: https://github.com/mroluwasesan/dotnet-deployment-via-github-action/commit/9b7f97c69e1d1eea5a97352854e660e46f48d41e

